<?xml version="1.0" encoding="UTF-8"?>
<testsuite name="ComputerRepairRequestTest" tests="2" skipped="0" failures="0" errors="0" timestamp="2025-03-06T12:29:19" hostname="LAPTOP" time="0.023">
  <properties/>
  <testcase name="test 1" classname="ComputerRepairRequestTest" time="0.019"/>
  <testcase name="test 2" classname="ComputerRepairRequestTest" time="0.001"/>
  <system-out><![CDATA[]]></system-out>
  <system-err><![CDATA[]]></system-err>
</testsuite>
